Build started 10/27/2014 7:07:05 PM.
     1>Project "C:\Users\Macula\Documents\Visual Studio 2013\Projects\TouchEvolved\TouchEvolved\TouchEvolved.vcxproj" on node 2 (Build target(s)).
     1>ClCompile:
         C:\Program Files (x86)\Microsoft Visual Studio 12.0\VC\bin\CL.exe /c /I"C:\Users\Macula\Documents\Visual Studio 2013\Projects\TouchEvolved\TouchEvolved\MultiTouch Files\PQClient\include" /I"C:\Interface SDKs\LeapDevelopementKit\LeapSDK\include" /ZI /nologo /W3 /WX- /sdl /Od /Oy- /D WIN32 /D _DEBUG /D _WINDOWS /D _UNICODE /D UNICODE /Gm /EHsc /RTC1 /MDd /GS /fp:precise /Zc:wchar_t /Zc:forScope /Fo"Debug\\" /Fd"Debug\vc120.pdb" /Gd /TP /analyze- /errorReport:prompt "GLUT Apparatus\LeapControl.cpp"
         LeapControl.cpp
       Link:
         C:\Program Files (x86)\Microsoft Visual Studio 12.0\VC\bin\link.exe /ERRORREPORT:PROMPT /OUT:"C:\Users\Macula\Documents\Visual Studio 2013\Projects\TouchEvolved\Debug\TouchEvolved.exe" /INCREMENTAL /NOLOGO /LIBPATH:"C:\Users\Macula\Documents\Visual Studio 2013\Projects\TouchEvolved\TouchEvolved\MultiTouch Files\PQClient\lib" /LIBPATH:"C:\Interface SDKs\LeapDevelopementKit\LeapSDK\lib\x86" Leapd.lib PQMTClient.lib kernel32.lib user32.lib gdi32.lib winspool.lib comdlg32.lib advapi32.lib shell32.lib ole32.lib oleaut32.lib uuid.lib odbc32.lib odbccp32.lib /MANIFEST /MANIFESTUAC:"level='asInvoker' uiAccess='false'" /manifest:embed /DEBUG /PDB:"C:\Users\Macula\Documents\Visual Studio 2013\Projects\TouchEvolved\Debug\TouchEvolved.pdb" /SUBSYSTEM:CONSOLE /TLBID:1 /DYNAMICBASE /NXCOMPAT /IMPLIB:"C:\Users\Macula\Documents\Visual Studio 2013\Projects\TouchEvolved\Debug\TouchEvolved.lib" /MACHINE:X86 Debug\Canvas.obj
         Debug\Drawing.obj
         Debug\LeapControl.obj
         Debug\Mouse.obj
         Debug\VRML.obj
         TouchEvolved.vcxproj -> C:\Users\Macula\Documents\Visual Studio 2013\Projects\TouchEvolved\Debug\TouchEvolved.exe
       PostBuildEvent:
         xcopy /yr "C:\Interface SDKs\LeapDevelopementKit\LeapSDK\lib\x86\Leapd.dll" "C:\Users\Macula\Documents\Visual Studio 2013\Projects\TouchEvolved\Debug\"
         xcopy /yr "C:\Interface SDKs\LeapDevelopementKit\LeapSDK\lib\x86\msvcp120d.dll" "C:\Users\Macula\Documents\Visual Studio 2013\Projects\TouchEvolved\Debug\"
         xcopy /yr "C:\Interface SDKs\LeapDevelopementKit\LeapSDK\lib\x86\msvcr120d.dll" "C:\Users\Macula\Documents\Visual Studio 2013\Projects\TouchEvolved\Debug\"
         :VCEnd
         C:\Interface SDKs\LeapDevelopementKit\LeapSDK\lib\x86\Leapd.dll
         1 File(s) copied
         C:\Interface SDKs\LeapDevelopementKit\LeapSDK\lib\x86\msvcp120d.dll
         1 File(s) copied
         C:\Interface SDKs\LeapDevelopementKit\LeapSDK\lib\x86\msvcr120d.dll
         1 File(s) copied
     1>Done Building Project "C:\Users\Macula\Documents\Visual Studio 2013\Projects\TouchEvolved\TouchEvolved\TouchEvolved.vcxproj" (Build target(s)).

Build succeeded.

Time Elapsed 00:00:01.04
